<?xml version="1.0" encoding="UTF-8"?>
<testsuite name="com.example.HelloControllerTest" tests="1" skipped="0" failures="0" errors="0" timestamp="2021-07-13T23:28:24" hostname="DESKTOP-QA1ULQ1" time="0.018">
  <properties/>
  <testcase name="getHello()" classname="com.example.HelloControllerTest" time="0.018"/>
  <system-out><![CDATA[2021-07-13 19:28:23.523  INFO 3748 --- [    Test worker] .b.t.c.SpringBootTestContextBootstrapper : Neither @ContextConfiguration nor @ContextHierarchy found for test class [com.example.HelloControllerTest], using SpringBootContextLoader
2021-07-13 19:28:23.523  INFO 3748 --- [    Test worker] o.s.t.c.support.AbstractContextLoader    : Could not detect default resource locations for test class [com.example.HelloControllerTest]: no resource found for suffixes {-context.xml, Context.groovy}.
2021-07-13 19:28:23.524  INFO 3748 --- [    Test worker] t.c.s.AnnotationConfigContextLoaderUtils : Could not detect default configuration classes for test class [com.example.HelloControllerTest]: HelloControllerTest does not declare any static, non-private, non-final, nested classes annotated with @Configuration.
2021-07-13 19:28:23.528  INFO 3748 --- [    Test worker] .b.t.c.SpringBootTestContextBootstrapper : Found @SpringBootConfiguration com.example.Application for test class com.example.HelloControllerTest
2021-07-13 19:28:23.530  INFO 3748 --- [    Test worker] .b.t.c.SpringBootTestContextBootstrapper : Loaded default TestExecutionListener class names from location [META-INF/spring.factories]: [org.springframework.boot.test.autoconfigure.restdocs.RestDocsTestExecutionListener, org.springframework.boot.test.autoconfigure.web.client.MockRestServiceServerResetTestExecutionListener, org.springframework.boot.test.autoconfigure.web.servlet.MockMvcPrintOnlyOnFailureTestExecutionListener, org.springframework.boot.test.autoconfigure.web.servlet.WebDriverTestExecutionListener, org.springframework.boot.test.autoconfigure.webservices.client.MockWebServiceServerTestExecutionListener, org.springframework.boot.test.mock.mockito.MockitoTestExecutionListener, org.springframework.boot.test.mock.mockito.ResetMocksTestExecutionListener, org.springframework.test.context.web.ServletTestExecutionListener, org.springframework.test.context.support.DirtiesContextBeforeModesTestExecutionListener, org.springframework.test.context.event.ApplicationEventsTestExecutionListener, org.springframework.test.context.support.DependencyInjectionTestExecutionListener, org.springframework.test.context.support.DirtiesContextTestExecutionListener, org.springframework.test.context.transaction.TransactionalTestExecutionListener, org.springframework.test.context.jdbc.SqlScriptsTestExecutionListener, org.springframework.test.context.event.EventPublishingTestExecutionListener]
2021-07-13 19:28:23.531  INFO 3748 --- [    Test worker] .b.t.c.SpringBootTestContextBootstrapper : Using TestExecutionListeners: [org.springframework.test.context.web.ServletTestExecutionListener@1615c117, org.springframework.test.context.support.DirtiesContextBeforeModesTestExecutionListener@35a28c35, org.springframework.test.context.event.ApplicationEventsTestExecutionListener@64626ce4, org.springframework.boot.test.mock.mockito.MockitoTestExecutionListener@422772d8, org.springframework.boot.test.autoconfigure.SpringBootDependencyInjectionTestExecutionListener@7a820ef2, org.springframework.test.context.support.DirtiesContextTestExecutionListener@5b60e6b3, org.springframework.test.context.event.EventPublishingTestExecutionListener@2c92a477, org.springframework.boot.test.autoconfigure.restdocs.RestDocsTestExecutionListener@55dab28f, org.springframework.boot.test.autoconfigure.web.client.MockRestServiceServerResetTestExecutionListener@3f45d358, org.springframework.boot.test.autoconfigure.web.servlet.MockMvcPrintOnlyOnFailureTestExecutionListener@634cff7d, org.springframework.boot.test.autoconfigure.web.servlet.WebDriverTestExecutionListener@5ac45e7f, org.springframework.boot.test.autoconfigure.webservices.client.MockWebServiceServerTestExecutionListener@5a0ad162, org.springframework.boot.test.mock.mockito.ResetMocksTestExecutionListener@4bc40668]

  .   ____          _            __ _ _
 /\\ / ___'_ __ _ _(_)_ __  __ _ \ \ \ \
( ( )\___ | '_ | '_| | '_ \/ _` | \ \ \ \
 \\/  ___)| |_)| | | | | || (_| |  ) ) ) )
  '  |____| .__|_| |_|_| |_\__, | / / / /
 =========|_|==============|___/=/_/_/_/
 :: Spring Boot ::                (v2.5.0)

2021-07-13 19:28:23.555  INFO 3748 --- [    Test worker] com.example.HelloControllerTest          : Starting HelloControllerTest using Java 13.0.2 on DESKTOP-QA1ULQ1 with PID 3748 (started by Nate in C:\Users\Nate\eclipse-workspace\dstest)
2021-07-13 19:28:23.556  INFO 3748 --- [    Test worker] com.example.HelloControllerTest          : No active profile set, falling back to default profiles: default
2021-07-13 19:28:24.070  INFO 3748 --- [    Test worker] o.s.b.t.m.w.SpringBootMockServletContext : Initializing Spring TestDispatcherServlet ''
2021-07-13 19:28:24.070  INFO 3748 --- [    Test worker] o.s.t.web.servlet.TestDispatcherServlet  : Initializing Servlet ''
2021-07-13 19:28:24.073  INFO 3748 --- [    Test worker] o.s.b.a.e.web.EndpointLinksResolver      : Exposing 1 endpoint(s) beneath base path '/actuator'
2021-07-13 19:28:24.095  INFO 3748 --- [    Test worker] o.s.t.web.servlet.TestDispatcherServlet  : Completed initialization in 25 ms
2021-07-13 19:28:24.109  INFO 3748 --- [    Test worker] com.example.HelloControllerTest          : Started HelloControllerTest in 0.573 seconds (JVM running for 4.006)
2021-07-13 19:28:24.109  INFO 3748 --- [    Test worker] o.s.b.a.ApplicationAvailabilityBean      : Application availability state LivenessState changed to CORRECT
2021-07-13 19:28:24.110  INFO 3748 --- [    Test worker] o.s.b.a.ApplicationAvailabilityBean      : Application availability state ReadinessState changed to ACCEPTING_TRAFFIC
]]></system-out>
  <system-err><![CDATA[]]></system-err>
</testsuite>
